2024-04-03 11:35:05,961 - Debug Adapter (main) - DEBUG - START_TIME_2024_04_03_11-35-05
2024-04-03 11:35:05,961 - Debug Adapter (main) - DEBUG - Init errors:None
2024-04-03 11:35:05,961 - Debug Adapter (main) - INFO - Working directory: /Users/zhouzibo/esp
2024-04-03 11:35:05,961 - Debug Adapter (main) - INFO - Arguments: 
{   'app_flash_off': 65536,
    'board_type': None,
    'cmdfile': '/Users/zhouzibo/Develop/esp-projects/demo/esp-idf-vscode-generated.gdb',
    'core_file': (),
    'debug': 4,
    'developer_mode': 'none',
    'device_name': 'esp32s3',
    'elfpath': ('/Users/zhouzibo/Develop/esp-projects/demo/build/demo.elf',),
    'log_file': '/Users/zhouzibo/Develop/esp-projects/demo/debug.log',
    'log_mult_files': None,
    'log_no_debug_console': None,
    'oocd': 'openocd',
    'oocd_args': None,
    'oocd_ip': 'localhost',
    'oocd_mode': 'without_oocd',
    'oocd_scripts': None,
    'port': 43474,
    'postmortem': False,
    'tmo_scale_factor': 1,
    'toolchain_prefix': 'xtensa-esp32s3-elf-'}
2024-04-03 11:35:05,961 - Debug Adapter (main) - CRITICAL - Debug adapter -> Extension: DEBUG_ADAPTER_STARTED
2024-04-03 11:35:05,962 - Debug Adapter (main) - INFO - Starting. Cmd: /Users/zhouzibo/.vscode/extensions/espressif.esp-idf-extension-1.7.1/esp_debug_adapter/debug_adapter_main.py -d 4 -e /Users/zhouzibo/Develop/esp-projects/demo/build/demo.elf -l /Users/zhouzibo/Develop/esp-projects/demo/debug.log -p 43474 -dn esp32s3 -a 0x10000 -t xtensa-esp32s3-elf- -om without_oocd -x /Users/zhouzibo/Develop/esp-projects/demo/esp-idf-vscode-generated.gdb -tsf 1

2024-04-03 11:35:05,964 - Debug Adapter (main) - INFO - Listening on port 43474
2024-04-03 11:35:05,964 - Debug Adapter (main) - CRITICAL - Debug adapter -> Extension: DEBUG_ADAPTER_READY2CONNECT
2024-04-03 11:35:11,514 - Debug Adapter (main) - DEBUG - Got connection
2024-04-03 11:35:11,520 - Debug Adapter (ReaderThread) - DEBUG - read line: >>b'Content-Length: 514\\r\\n'<<

2024-04-03 11:35:11,521 - Debug Adapter (ReaderThread) - DEBUG - read line: >>b'\\r\\n'<<

2024-04-03 11:35:11,521 - Debug Adapter (WriterThread) - DEBUG - Writing: {"type": "event", "event": "output", "body": {"output": "Debug adapter -> Extension: DEBUG_ADAPTER_STARTED\n", "source": {}}, "seq": 0}

2024-04-03 11:35:11,522 - Debug Adapter(Command Processor) - DEBUG - Got json: {
    "arguments": {
        "adapterID": "espidf",
        "clientID": "vscode",
        "clientName": "Visual Studio Code",
        "columnsStartAt1": true,
        "linesStartAt1": true,
        "locale": "en",
        "pathFormat": "path",
        "supportsArgsCanBeInterpretedByShell": true,
        "supportsInvalidatedEvent": true,
        "supportsMemoryEvent": true,
        "supportsMemoryReferences": true,
        "supportsProgressReporting": true,
        "supportsRunInTerminalRequest": true,
        "supportsStartDebuggingRequest": true,
        "supportsVariablePaging": true,
        "supportsVariableType": true
    },
    "command": "initialize",
    "seq": 1,
    "type": "request"
}
2024-04-03 11:35:11,522 - Debug Adapter (WriterThread) - DEBUG - Writing: {"type": "event", "event": "output", "body": {"output": "Starting. Cmd: /Users/zhouzibo/.vscode/extensions/espressif.esp-idf-extension-1.7.1/esp_debug_adapter/debug_adapter_main.py -d 4 -e /Users/zhouzibo/Develop/esp-projects/demo/build/demo.elf -l /Users/zhouzibo/Develop/esp-projects/demo/debug.log -p 43474 -dn esp32s3 -a 0x10000 -t xtensa-esp32s3-elf- -om without_oocd -x /Users/zhouzibo/Develop/esp-projects/demo/esp-idf-vscode-generated.gdb -tsf 1\n\n", "source": {}}, "seq": 1}

2024-04-03 11:35:11,523 - Debug Adapter (WriterThread) - DEBUG - Writing: {"type": "event", "event": "output", "body": {"output": "Listening on port 43474\n", "source": {}}, "seq": 2}

2024-04-03 11:35:11,523 - Debug Adapter (WriterThread) - DEBUG - Writing: {"type": "event", "event": "output", "body": {"output": "Debug adapter -> Extension: DEBUG_ADAPTER_READY2CONNECT\n", "source": {}}, "seq": 3}

2024-04-03 11:35:11,524 - Debug Adapter (WriterThread) - DEBUG - Writing: {"type": "event", "event": "output", "body": {"output": "Got connection\n", "source": {}}, "seq": 4}

2024-04-03 11:35:11,524 - Debug Adapter (WriterThread) - DEBUG - Writing: {"type": "event", "event": "output", "body": {"output": "Got json: {\n    \"arguments\": {\n        \"adapterID\": \"espidf\",\n        \"clientID\": \"vscode\",\n        \"clientName\": \"Visual Studio Code\",\n        \"columnsStartAt1\": true,\n        \"linesStartAt1\": true,\n        \"locale\": \"en\",\n        \"pathFormat\": \"path\",\n        \"supportsArgsCanBeInterpretedByShell\": true,\n        \"supportsInvalidatedEvent\": true,\n        \"supportsMemoryEvent\": true,\n        \"supportsMemoryReferences\": true,\n        \"supportsProgressReporting\": true,\n        \"supportsRunInTerminalRequest\": true,\n        \"supportsStartDebuggingRequest\": true,\n        \"supportsVariablePaging\": true,\n        \"supportsVariableType\": true\n    },\n    \"command\": \"initialize\",\n    \"seq\": 1,\n    \"type\": \"request\"\n}\n", "source": {}}, "seq": 5}

2024-04-03 11:35:11,527 - Gdb - DEBUG - MI->: -gdb-set mi-async on
2024-04-03 11:35:11,744 - Gdb - DEBUG - MI<-:
[{'message': 'thread-group-added',
  'payload': {'id': 'i1'},
  'stream': 'stdout',
  'token': None,
  'type': 'notify'},
 {'message': 'done',
  'payload': None,
  'stream': 'stdout',
  'token': None,
  'type': 'result'}]
2024-04-03 11:35:11,744 - Gdb - INFO - NOTIFY: thread-group-added {'id': 'i1'}
2024-04-03 11:35:11,744 - Gdb - DEBUG - RESULT: done None
2024-04-03 11:35:11,744 - Gdb - DEBUG - MI->: -gdb-set logging file /var/folders/5r/053wrtc545vgh41pzb3gc8x80000gn/T/gdb_proc.log
2024-04-03 11:35:11,744 - Gdb - DEBUG - MI<-:
[{'message': 'done',
  'payload': None,
  'stream': 'stdout',
  'token': None,
  'type': 'result'}]
2024-04-03 11:35:11,744 - Gdb - DEBUG - RESULT: done None
2024-04-03 11:35:11,744 - Gdb - DEBUG - MI->: -gdb-set logging on
2024-04-03 11:35:11,744 - Gdb - DEBUG - MI<-:
[{'message': None,
  'payload': "Warning: 'set logging on', an alias for the command 'set logging "
             "enabled', is deprecated.\\n",
  'stream': 'stdout',
  'type': 'console'},
 {'message': None,
  'payload': "Use 'set logging enabled on'.\\n\\n",
  'stream': 'stdout',
  'type': 'console'},
 {'message': 'done',
  'payload': None,
  'stream': 'stdout',
  'token': None,
  'type': 'result'}]
2024-04-03 11:35:11,744 - Gdb - INFO - CONS: ("Warning: 'set logging on', an alias for the command 'set logging enabled', "
 'is deprecated.\\n')
2024-04-03 11:35:11,744 - Gdb - INFO - CONS: "Use 'set logging enabled on'.\\n\\n"
2024-04-03 11:35:11,745 - Gdb - DEBUG - RESULT: done None
2024-04-03 11:35:11,745 - Debug Adapter (main) - DEBUG - Created gdb object of type: GdbEspXtensa
2024-04-03 11:35:11,745 - Debug Adapter (WriterThread) - DEBUG - Writing: {"type": "event", "event": "output", "body": {"output": "Created gdb object of type: GdbEspXtensa\n", "source": {}}, "seq": 6}

2024-04-03 11:35:11,745 - Gdb - DEBUG - MI->: -file-exec-and-symbols /Users/zhouzibo/Develop/esp-projects/demo/build/demo.elf
2024-04-03 11:35:11,872 - Gdb - DEBUG - MI<-:
[{'message': 'done',
  'payload': None,
  'stream': 'stdout',
  'token': None,
  'type': 'result'}]
2024-04-03 11:35:11,872 - Gdb - DEBUG - RESULT: done None
2024-04-03 11:35:11,872 - Debug Adapter (main) - ERROR - 
Traceback (most recent call last):
  File "/Users/zhouzibo/.vscode/extensions/espressif.esp-idf-extension-1.7.1/esp_debug_adapter/debug_adapter/command_processor.py", line 52, in __call__
    on_request(protocol_message)
  File "/Users/zhouzibo/.vscode/extensions/espressif.esp-idf-extension-1.7.1/esp_debug_adapter/debug_adapter/command_processor.py", line 75, in on_initialize_request
    raise e
  File "/Users/zhouzibo/.vscode/extensions/espressif.esp-idf-extension-1.7.1/esp_debug_adapter/debug_adapter/command_processor.py", line 70, in on_initialize_request
    self.da.adapter_init()
  File "/Users/zhouzibo/.vscode/extensions/espressif.esp-idf-extension-1.7.1/esp_debug_adapter/debug_adapter/debug_adapter.py", line 329, in adapter_init
    raise e
  File "/Users/zhouzibo/.vscode/extensions/espressif.esp-idf-extension-1.7.1/esp_debug_adapter/debug_adapter/debug_adapter.py", line 325, in adapter_init
    self.start_gdb()
  File "/Users/zhouzibo/.vscode/extensions/espressif.esp-idf-extension-1.7.1/esp_debug_adapter/debug_adapter/debug_adapter.py", line 678, in start_gdb
    raise e
  File "/Users/zhouzibo/.vscode/extensions/espressif.esp-idf-extension-1.7.1/esp_debug_adapter/debug_adapter/debug_adapter.py", line 673, in start_gdb
    self._gdb.set_prog_startup_script(self.args.cmdfile)
  File "/Users/zhouzibo/.espressif/python_env/idf5.2_py3.11_env/lib/python3.11/site-packages/esp_debug_backend/gdb.py", line 697, in set_prog_startup_script
    raise FileNotFoundError
FileNotFoundError
2024-04-03 11:35:11,872 - Debug Adapter (WriterThread) - DEBUG - Writing: {"type": "response", "request_seq": 1, "success": false, "command": "initialize", "seq": 7, "message": "Failed to init Debug Adapter!", "body": {}}

2024-04-03 11:35:11,875 - Debug Adapter (WriterThread) - DEBUG - Writing: {"type": "event", "event": "output", "body": {"output": "\n", "source": {}}, "seq": 8}

2024-04-03 11:35:11,875 - Debug Adapter (WriterThread) - DEBUG - Writing: {"type": "event", "event": "output", "body": {"output": "\n", "source": {}}, "seq": 9}

2024-04-03 11:35:11,876 - Debug Adapter (ReaderThread) - DEBUG - read line: >>b'Content-Length: 79\\r\\n'<<

2024-04-03 11:35:11,876 - Debug Adapter (ReaderThread) - DEBUG - read line: >>b'\\r\\n'<<

2024-04-03 11:35:11,876 - Debug Adapter(Command Processor) - DEBUG - Got json: {
    "arguments": {
        "restart": false
    },
    "command": "disconnect",
    "seq": 2,
    "type": "request"
}
2024-04-03 11:35:11,876 - Debug Adapter (main) - DEBUG - Adapter is Stopping...
2024-04-03 11:35:11,876 - Debug Adapter (main) - DEBUG - Stopping target poller
2024-04-03 11:35:11,876 - Debug Adapter (WriterThread) - DEBUG - Writing: {"type": "event", "event": "output", "body": {"output": "Got json: {\n    \"arguments\": {\n        \"restart\": false\n    },\n    \"command\": \"disconnect\",\n    \"seq\": 2,\n    \"type\": \"request\"\n}\n", "source": {}}, "seq": 10}

2024-04-03 11:35:11,876 - Debug Adapter (main) - DEBUG - Closing the GDB process
2024-04-03 11:35:11,876 - Debug Adapter (WriterThread) - DEBUG - Writing: {"type": "event", "event": "output", "body": {"output": "Debug Adapter stopped\n", "source": {}}, "seq": 11}

2024-04-03 11:35:11,876 - Debug Adapter (main) - DEBUG - Closing the Socket
2024-04-03 11:35:11,876 - Debug Adapter (WriterThread) - DEBUG - Writing: {"type": "event", "event": "output", "body": {"output": "Adapter is Stopping...\n", "source": {}}, "seq": 12}

2024-04-03 11:35:11,876 - Debug Adapter (main) - DEBUG - Stopping of the Writer thread
2024-04-03 11:35:11,877 - Debug Adapter (WriterThread) - DEBUG - Writing: {"type": "event", "event": "output", "body": {"output": "Stopping target poller\n", "source": {}}, "seq": 13}

2024-04-03 11:35:11,877 - Debug Adapter (main) - DEBUG - Stopping of the Reader thread
2024-04-03 11:35:11,877 - Debug Adapter (main) - DEBUG - Adapter is Stopped
2024-04-03 11:35:11,877 - Debug Adapter (main) - CRITICAL - Debug adapter -> Extension: DEBUG_ADAPTER_STOPPED
2024-04-03 11:35:11,877 - Debug Adapter(Command Processor) - DEBUG - Processed command: disconnect
